{"D:\\I3G\\testBasket\\src\\server\\app.js":{"path":"D:\\I3G\\testBasket\\src\\server\\app.js","s":{"1":2,"2":2,"3":2,"4":2,"5":2,"6":2,"7":2,"8":2,"9":2,"10":2,"11":2,"12":2,"13":2,"14":2,"15":2,"16":2,"17":2,"18":2,"19":2},"b":{"1":[2,2],"2":[2,2],"3":[2,0],"4":[0,2]},"f":{"1":2},"fnMap":{"1":{"name":"(anonymous_1)","line":64,"loc":{"start":{"line":64,"column":45},"end":{"line":64,"column":55}}}},"statementMap":{"1":{"start":{"line":6,"column":0},"end":{"line":13,"column":28}},"2":{"start":{"line":15,"column":0},"end":{"line":15,"column":20}},"3":{"start":{"line":23,"column":0},"end":{"line":23,"column":42}},"4":{"start":{"line":24,"column":0},"end":{"line":24,"column":38}},"5":{"start":{"line":25,"column":0},"end":{"line":25,"column":31}},"6":{"start":{"line":26,"column":0},"end":{"line":26,"column":23}},"7":{"start":{"line":27,"column":0},"end":{"line":27,"column":49}},"8":{"start":{"line":28,"column":0},"end":{"line":28,"column":27}},"9":{"start":{"line":29,"column":0},"end":{"line":29,"column":26}},"10":{"start":{"line":30,"column":0},"end":{"line":30,"column":56}},"11":{"start":{"line":32,"column":0},"end":{"line":32,"column":48}},"12":{"start":{"line":35,"column":0},"end":{"line":37,"column":1}},"13":{"start":{"line":36,"column":4},"end":{"line":36,"column":28}},"14":{"start":{"line":40,"column":0},"end":{"line":42,"column":1}},"15":{"start":{"line":50,"column":0},"end":{"line":50,"column":27}},"16":{"start":{"line":51,"column":0},"end":{"line":51,"column":44}},"17":{"start":{"line":54,"column":0},"end":{"line":54,"column":31}},"18":{"start":{"line":64,"column":0},"end":{"line":66,"column":3}},"19":{"start":{"line":65,"column":3},"end":{"line":65,"column":70}}},"branchMap":{"1":{"line":23,"type":"binary-expr","locations":[{"start":{"line":23,"column":16},"end":{"line":23,"column":32}},{"start":{"line":23,"column":36},"end":{"line":23,"column":40}}]},"2":{"line":32,"type":"binary-expr","locations":[{"start":{"line":32,"column":10},"end":{"line":32,"column":30}},{"start":{"line":32,"column":34},"end":{"line":32,"column":47}}]},"3":{"line":35,"type":"if","locations":[{"start":{"line":35,"column":0},"end":{"line":35,"column":0}},{"start":{"line":35,"column":0},"end":{"line":35,"column":0}}]},"4":{"line":40,"type":"if","locations":[{"start":{"line":40,"column":0},"end":{"line":40,"column":0}},{"start":{"line":40,"column":0},"end":{"line":40,"column":0}}]}}},"D:\\I3G\\testBasket\\src\\server\\routes\\index.js":{"path":"D:\\I3G\\testBasket\\src\\server\\routes\\index.js","s":{"1":1,"2":1,"3":1,"4":0,"5":0},"b":{},"f":{"1":1,"2":0},"fnMap":{"1":{"name":"(anonymous_1)","line":6,"loc":{"start":{"line":6,"column":16},"end":{"line":6,"column":34}}},"2":{"name":"(anonymous_2)","line":10,"loc":{"start":{"line":10,"column":19},"end":{"line":10,"column":39}}}},"statementMap":{"1":{"start":{"line":6,"column":0},"end":{"line":8,"column":2}},"2":{"start":{"line":7,"column":2},"end":{"line":7,"column":22}},"3":{"start":{"line":10,"column":0},"end":{"line":13,"column":2}},"4":{"start":{"line":11,"column":2},"end":{"line":11,"column":29}},"5":{"start":{"line":12,"column":2},"end":{"line":12,"column":33}}},"branchMap":{}},"D:\\I3G\\testBasket\\src\\server\\routes\\api.js":{"path":"D:\\I3G\\testBasket\\src\\server\\routes\\api.js","s":{"1":1,"2":0},"b":{},"f":{"1":0},"fnMap":{"1":{"name":"(anonymous_1)","line":1,"loc":{"start":{"line":1,"column":15},"end":{"line":1,"column":35}}}},"statementMap":{"1":{"start":{"line":1,"column":0},"end":{"line":5,"column":2}},"2":{"start":{"line":2,"column":4},"end":{"line":4,"column":7}}},"branchMap":{}}}