TN:
SF:D:\I3G\testBasket\src\server\app.js
FN:64,(anonymous_1)
FNF:1
FNH:1
FNDA:2,(anonymous_1)
DA:6,2
DA:15,2
DA:23,2
DA:24,2
DA:25,2
DA:26,2
DA:27,2
DA:28,2
DA:29,2
DA:30,2
DA:32,2
DA:35,2
DA:36,2
DA:40,2
DA:50,2
DA:51,2
DA:54,2
DA:64,2
DA:65,2
LF:19
LH:19
BRDA:23,1,0,2
BRDA:23,1,1,2
BRDA:32,2,0,2
BRDA:32,2,1,2
BRDA:35,3,0,2
BRDA:35,3,1,0
BRDA:40,4,0,0
BRDA:40,4,1,2
BRF:8
BRH:6
end_of_record
TN:
SF:D:\I3G\testBasket\src\server\routes\index.js
FN:6,(anonymous_1)
FN:10,(anonymous_2)
FNF:2
FNH:1
FNDA:1,(anonymous_1)
FNDA:0,(anonymous_2)
DA:6,1
DA:7,1
DA:10,1
DA:11,0
DA:12,0
LF:5
LH:3
BRF:0
BRH:0
end_of_record
TN:
SF:D:\I3G\testBasket\src\server\routes\api.js
FN:1,(anonymous_1)
FNF:1
FNH:0
FNDA:0,(anonymous_1)
DA:1,1
DA:2,0
LF:2
LH:1
BRF:0
BRH:0
end_of_record
